error: No se inicio sesion, credenciales invalidas!!!!!!
error: No se inicio sesion, credenciales invalidas!!!!!!
error: No se inicio sesion, credenciales invalidas!!!!!!
error: No se inicio sesionCONTRASEÑA INVALIDA!!
error: No se inicio sesionCONTRASEÑA INVALIDA!!
error: No se inicio sesionCONTRASEÑA INVALIDA!!
error: No se inicio sesionCONTRASEÑA INVALIDA!!
warning: El usuario no existe!
error: No se inicio sesionCONTRASEÑA INVALIDA!!
error: No se inicio sesionCONTRASEÑA INVALIDA!!
warning: El usuario no existe!
warning: el producto no existe!!!
warning: el usuario que esta agregando el producto es : 
warning: el producto no existe!!!
warning: el usuario que esta agregando el producto es : 
warning: el producto no existe!!!
warning: el usuario que esta agregando el producto es : 
warning: el producto no existe!!!
warning: el usuario que esta agregando el producto es : 
warning: el producto no existe!!!
warning: el usuario que esta agregando el producto es : 
warning: el producto no existe!!!
warning: el usuario que esta agregando el producto es : 
warning: el producto no existe!!!
warning: el usuario que esta agregando el producto es : 
warning: el producto no existe!!!
warning: el usuario que esta agregando el producto es : 
warning: el producto no existe!!!
warning: el usuario que esta agregando el producto es : 
warning: el producto no existe!!!
warning: el usuario que esta agregando el producto es : 
error: No se inicio sesionCONTRASEÑA INVALIDA!!
error: No se inicio sesionCONTRASEÑA INVALIDA!!
error: No se inicio sesionCONTRASEÑA INVALIDA!!
error: No se inicio sesionCONTRASEÑA INVALIDA!!
warning: El usuario ya existe
warning: El usuario ya existe
warning: El usuario ya existe
warning: El usuario ya existe
warning: El usuario ya existe
warning: El usuario ya existe
warning: El usuario ya existe
warning: el producto no existe!!!
warning: el usuario que esta agregando el producto es : 
warning: el producto no existe en el carrito
warning: Se elimino todo un producto del carrito
warning: el producto no existe en el carrito
warning: el producto no existe en el carrito
warning: el producto no existe en el carrito
warning: el producto no existe en el carrito
warning: el producto no existe en el carrito
warning: el producto no existe en el carrito
warning: el producto no existe en el carrito
warning: el producto no existe en el carrito
warning: el producto no existe en el carrito
warning: el producto no existe en el carrito
warning: el producto no existe en el carrito
warning: el producto no existe en el carrito
warning: Se elimino todo un producto del carrito
warning: Se elimino todo un producto del carrito
warning: Se elimino todo un producto del carrito
warning: Se elimino todo un producto del carrito
warning: el producto existe!!!
warning: el producto no existe en el carrito
warning: Se elimino todo un producto del carrito
warning: Se elimino todo un producto del carrito
warning: el producto no existe en el carrito
warning: Se elimino todo un producto del carrito
warning: Se elimino todo un producto del carrito
warning: Se elimino todo un producto del carrito
warning: Se elimino todo un producto del carrito
